[
  {
    "line": 1,
    "elements": [
      {
        "before": [
          {
            "result": {
              "duration": 5816442468,
              "status": "passed"
            },
            "match": {
              "location": "InitializeWebDrive.before()"
            }
          }
        ],
        "line": 3,
        "name": "Search based on laptops",
        "description": "",
        "id": "search-feature-of-the-web-page;search-based-on-laptops",
        "after": [
          {
            "result": {
              "duration": 2122105473,
              "status": "passed"
            },
            "match": {
              "location": "InitializeWebDrive.after(Scenario)"
            }
          }
        ],
        "type": "scenario",
        "keyword": "Scenario",
        "steps": [
          {
            "result": {
              "duration": 4033623924,
              "status": "passed"
            },
            "line": 4,
            "name": ": I am at the home page",
            "match": {
              "location": "SearchStepDfn._i_am_at_the_home_page()"
            },
            "keyword": "Given "
          },
          {
            "result": {
              "duration": 2282570291,
              "error_message": "org.openqa.selenium.NoSuchElementException: {\"errorMessage\":\"Unable to find element with xpath \u0027//div[@id\u003d\u0027main-nav\u0027]//a[text()\u003d\u0027Laptops\u0027]\u0027\",\"request\":{\"headers\":{\"Accept-Encoding\":\"gzip,deflate\",\"Connection\":\"Keep-Alive\",\"Content-Length\":\"70\",\"Content-Type\":\"application/json; charset\u003dutf-8\",\"Host\":\"localhost:48767\",\"User-Agent\":\"Apache-HttpClient/4.5.1 (Java/1.8.0_65)\"},\"httpVersion\":\"1.1\",\"method\":\"POST\",\"post\":\"{\\\"using\\\":\\\"xpath\\\",\\\"value\\\":\\\"//div[@id\u003d\u0027main-nav\u0027]//a[text()\u003d\u0027Laptops\u0027]\\\"}\",\"url\":\"/element\",\"urlParsed\":{\"anchor\":\"\",\"query\":\"\",\"file\":\"element\",\"directory\":\"/\",\"path\":\"/element\",\"relative\":\"/element\",\"port\":\"\",\"host\":\"\",\"password\":\"\",\"user\":\"\",\"userInfo\":\"\",\"authority\":\"\",\"protocol\":\"\",\"source\":\"/element\",\"queryKey\":{},\"chunks\":[\"element\"]},\"urlOriginal\":\"/session/03ef9d60-3e6a-11e7-af0c-8bf0380e94c7/element\"}}\nCommand duration or timeout: 2.22 seconds\nFor documentation on this error, please visit: http://seleniumhq.org/exceptions/no_such_element.html\nBuild info: version: \u00272.53.1\u0027, revision: \u0027a36b8b1cd5757287168e54b817830adce9b0158d\u0027, time: \u00272016-06-30 19:26:09\u0027\nSystem info: host: \u0027Shauryaz\u0027, ip: \u0027192.168.1.5\u0027, os.name: \u0027Windows 10\u0027, os.arch: \u0027x86\u0027, os.version: \u002710.0\u0027, java.version: \u00271.8.0_65\u0027\nDriver info: org.openqa.selenium.phantomjs.PhantomJSDriver\nCapabilities [{applicationCacheEnabled\u003dfalse, rotatable\u003dfalse, handlesAlerts\u003dfalse, databaseEnabled\u003dfalse, version\u003d2.1.1, platform\u003dXP, browserConnectionEnabled\u003dfalse, proxy\u003d{proxyType\u003ddirect}, nativeEvents\u003dtrue, acceptSslCerts\u003dfalse, driverVersion\u003d1.2.0, locationContextEnabled\u003dfalse, webStorageEnabled\u003dfalse, browserName\u003dphantomjs, takesScreenshot\u003dtrue, driverName\u003dghostdriver, javascriptEnabled\u003dtrue, cssSelectorsEnabled\u003dtrue}]\nSession ID: 03ef9d60-3e6a-11e7-af0c-8bf0380e94c7\n*** Element info: {Using\u003dxpath, value\u003d//div[@id\u003d\u0027main-nav\u0027]//a[text()\u003d\u0027Laptops\u0027]}\r\n\tat sun.reflect.NativeConstructorAccessorImpl.newInstance0(Native Method)\r\n\tat sun.reflect.NativeConstructorAccessorImpl.newInstance(Unknown Source)\r\n\tat sun.reflect.DelegatingConstructorAccessorImpl.newInstance(Unknown Source)\r\n\tat java.lang.reflect.Constructor.newInstance(Unknown Source)\r\n\tat org.openqa.selenium.remote.ErrorHandler.createThrowable(ErrorHandler.java:206)\r\n\tat org.openqa.selenium.remote.ErrorHandler.throwIfResponseFailed(ErrorHandler.java:158)\r\n\tat org.openqa.selenium.remote.RemoteWebDriver.execute(RemoteWebDriver.java:678)\r\n\tat org.openqa.selenium.remote.RemoteWebDriver.findElement(RemoteWebDriver.java:363)\r\n\tat org.openqa.selenium.remote.RemoteWebDriver.findElementByXPath(RemoteWebDriver.java:500)\r\n\tat org.openqa.selenium.By$ByXPath.findElement(By.java:361)\r\n\tat org.openqa.selenium.remote.RemoteWebDriver.findElement(RemoteWebDriver.java:355)\r\n\tat com.cucumber.framework.helper.PageObject.homepage.HomePage.navigateTo(HomePage.java:133)\r\n\tat com.cucumber.framework.stepdefinition.SearchStepDfn._i_click_on_the_something_search_filter(SearchStepDfn.java:38)\r\n\tat ✽.When : I click on the \"Laptops\" search filter(featurefile/Search.feature:5)\r\nCaused by: org.openqa.selenium.remote.ScreenshotException: Screen shot has been taken\nBuild info: version: \u00272.53.1\u0027, revision: \u0027a36b8b1cd5757287168e54b817830adce9b0158d\u0027, time: \u00272016-06-30 19:26:09\u0027\nSystem info: host: \u0027Shauryaz\u0027, ip: \u0027192.168.1.5\u0027, os.name: \u0027Windows 10\u0027, os.arch: \u0027x86\u0027, os.version: \u002710.0\u0027, java.version: \u00271.8.0_65\u0027\nDriver info: driver.version: RemoteWebDriver\r\n\tat org.openqa.selenium.remote.ErrorHandler.throwIfResponseFailed(ErrorHandler.java:138)\r\n\tat org.openqa.selenium.remote.RemoteWebDriver.execute(RemoteWebDriver.java:678)\r\n\tat org.openqa.selenium.remote.RemoteWebDriver.findElement(RemoteWebDriver.java:363)\r\n\tat org.openqa.selenium.remote.RemoteWebDriver.findElementByXPath(RemoteWebDriver.java:500)\r\n\tat org.openqa.selenium.By$ByXPath.findElement(By.java:361)\r\n\tat org.openqa.selenium.remote.RemoteWebDriver.findElement(RemoteWebDriver.java:355)\r\n\tat com.cucumber.framework.helper.PageObject.homepage.HomePage.navigateTo(HomePage.java:133)\r\n\tat com.cucumber.framework.stepdefinition.SearchStepDfn._i_click_on_the_something_search_filter(SearchStepDfn.java:38)\r\n\tat sun.reflect.NativeMethodAccessorImpl.invoke0(Native Method)\r\n\tat sun.reflect.NativeMethodAccessorImpl.invoke(Unknown Source)\r\n\tat sun.reflect.DelegatingMethodAccessorImpl.invoke(Unknown Source)\r\n\tat java.lang.reflect.Method.invoke(Unknown Source)\r\n\tat cucumber.runtime.Utils$1.call(Utils.java:37)\r\n\tat cucumber.runtime.Timeout.timeout(Timeout.java:13)\r\n\tat cucumber.runtime.Utils.invoke(Utils.java:31)\r\n\tat cucumber.runtime.java.JavaStepDefinition.execute(JavaStepDefinition.java:38)\r\n\tat cucumber.runtime.StepDefinitionMatch.runStep(StepDefinitionMatch.java:37)\r\n\tat cucumber.runtime.Runtime.runStep(Runtime.java:299)\r\n\tat cucumber.runtime.model.StepContainer.runStep(StepContainer.java:44)\r\n\tat cucumber.runtime.model.StepContainer.runSteps(StepContainer.java:39)\r\n\tat cucumber.runtime.model.CucumberScenario.run(CucumberScenario.java:44)\r\n\tat cucumber.runtime.model.CucumberFeature.run(CucumberFeature.java:165)\r\n\tat cucumber.api.testng.TestNGCucumberRunner.runCucumber(TestNGCucumberRunner.java:63)\r\n\tat cucumber.api.testng.AbstractTestNGCucumberTests.feature(AbstractTestNGCucumberTests.java:21)\r\n\tat sun.reflect.NativeMethodAccessorImpl.invoke0(Native Method)\r\n\tat sun.reflect.NativeMethodAccessorImpl.invoke(Unknown Source)\r\n\tat sun.reflect.DelegatingMethodAccessorImpl.invoke(Unknown Source)\r\n\tat java.lang.reflect.Method.invoke(Unknown Source)\r\n\tat org.testng.internal.MethodInvocationHelper.invokeMethod(MethodInvocationHelper.java:86)\r\n\tat org.testng.internal.Invoker.invokeMethod(Invoker.java:643)\r\n\tat org.testng.internal.Invoker.invokeTestMethod(Invoker.java:820)\r\n\tat org.testng.internal.Invoker.invokeTestMethods(Invoker.java:1128)\r\n\tat org.testng.internal.TestMethodWorker.invokeTestMethods(TestMethodWorker.java:129)\r\n\tat org.testng.internal.TestMethodWorker.run(TestMethodWorker.java:112)\r\n\tat org.testng.TestRunner.privateRun(TestRunner.java:782)\r\n\tat org.testng.TestRunner.run(TestRunner.java:632)\r\n\tat org.testng.SuiteRunner.runTest(SuiteRunner.java:366)\r\n\tat org.testng.SuiteRunner.runSequentially(SuiteRunner.java:361)\r\n\tat org.testng.SuiteRunner.privateRun(SuiteRunner.java:319)\r\n\tat org.testng.SuiteRunner.run(SuiteRunner.java:268)\r\n\tat org.testng.SuiteRunnerWorker.runSuite(SuiteRunnerWorker.java:52)\r\n\tat org.testng.SuiteRunnerWorker.run(SuiteRunnerWorker.java:86)\r\n\tat org.testng.TestNG.runSuitesSequentially(TestNG.java:1244)\r\n\tat org.testng.TestNG.runSuitesLocally(TestNG.java:1169)\r\n\tat org.testng.TestNG.run(TestNG.java:1064)\r\n\tat org.testng.remote.AbstractRemoteTestNG.run(AbstractRemoteTestNG.java:132)\r\n\tat org.testng.remote.RemoteTestNG.initAndRun(RemoteTestNG.java:230)\r\n\tat org.testng.remote.RemoteTestNG.main(RemoteTestNG.java:76)\r\nCaused by: org.openqa.selenium.NoSuchElementException: {\"errorMessage\":\"Unable to find element with xpath \u0027//div[@id\u003d\u0027main-nav\u0027]//a[text()\u003d\u0027Laptops\u0027]\u0027\",\"request\":{\"headers\":{\"Accept-Encoding\":\"gzip,deflate\",\"Connection\":\"Keep-Alive\",\"Content-Length\":\"70\",\"Content-Type\":\"application/json; charset\u003dutf-8\",\"Host\":\"localhost:48767\",\"User-Agent\":\"Apache-HttpClient/4.5.1 (Java/1.8.0_65)\"},\"httpVersion\":\"1.1\",\"method\":\"POST\",\"post\":\"{\\\"using\\\":\\\"xpath\\\",\\\"value\\\":\\\"//div[@id\u003d\u0027main-nav\u0027]//a[text()\u003d\u0027Laptops\u0027]\\\"}\",\"url\":\"/element\",\"urlParsed\":{\"anchor\":\"\",\"query\":\"\",\"file\":\"element\",\"directory\":\"/\",\"path\":\"/element\",\"relative\":\"/element\",\"port\":\"\",\"host\":\"\",\"password\":\"\",\"user\":\"\",\"userInfo\":\"\",\"authority\":\"\",\"protocol\":\"\",\"source\":\"/element\",\"queryKey\":{},\"chunks\":[\"element\"]},\"urlOriginal\":\"/session/03ef9d60-3e6a-11e7-af0c-8bf0380e94c7/element\"}}\nFor documentation on this error, please visit: http://seleniumhq.org/exceptions/no_such_element.html\nBuild info: version: \u00272.53.1\u0027, revision: \u0027a36b8b1cd5757287168e54b817830adce9b0158d\u0027, time: \u00272016-06-30 19:26:09\u0027\nSystem info: host: \u0027Shauryaz\u0027, ip: \u0027192.168.1.5\u0027, os.name: \u0027Windows 10\u0027, os.arch: \u0027x86\u0027, os.version: \u002710.0\u0027, java.version: \u00271.8.0_65\u0027\nDriver info: driver.version: unknown\r\n",
              "status": "failed"
            },
            "line": 5,
            "name": ": I click on the \"Laptops\" search filter",
            "match": {
              "arguments": [
                {
                  "val": "Laptops",
                  "offset": 18
                }
              ],
              "location": "SearchStepDfn._i_click_on_the_something_search_filter(String)"
            },
            "keyword": "When "
          },
          {
            "result": {
              "status": "skipped"
            },
            "line": 6,
            "name": ": I should be at the \"Laptops\" search page with \"35 items\"",
            "match": {
              "arguments": [
                {
                  "val": "Laptops",
                  "offset": 22
                },
                {
                  "val": "35 items",
                  "offset": 49
                }
              ],
              "location": "SearchStepDfn._i_should_be_at_the_something_search_page_with_something(String,String)"
            },
            "keyword": "Then "
          },
          {
            "result": {
              "status": "skipped"
            },
            "output": [
              "E:\\ujjawal\\application1\\workspaceRuma\\SeleniumCucumber\\target\\test-classes\\screenshots\\_2017-05-22\\Search based on laptops.jpg"
            ],
            "line": 7,
            "name": ": The title should be \"Laptops\" search page",
            "match": {
              "arguments": [
                {
                  "val": "Laptops",
                  "offset": 23
                }
              ],
              "location": "SearchStepDfn._the_title_should_be_something_search_page(String)"
            },
            "keyword": "And "
          }
        ]
      },
      {
        "before": [
          {
            "result": {
              "duration": 2196070923,
              "status": "passed"
            },
            "match": {
              "location": "InitializeWebDrive.before()"
            }
          }
        ],
        "line": 9,
        "name": "Search based on Tablets",
        "description": "",
        "id": "search-feature-of-the-web-page;search-based-on-tablets",
        "after": [
          {
            "result": {
              "duration": 1137299617,
              "status": "passed"
            },
            "match": {
              "location": "InitializeWebDrive.after(Scenario)"
            }
          }
        ],
        "type": "scenario",
        "keyword": "Scenario",
        "steps": [
          {
            "result": {
              "duration": 1020220799,
              "status": "passed"
            },
            "line": 10,
            "name": ": I am at the home page",
            "match": {
              "location": "SearchStepDfn._i_am_at_the_home_page()"
            },
            "keyword": "Given "
          },
          {
            "result": {
              "duration": 2230825138,
              "error_message": "org.openqa.selenium.NoSuchElementException: {\"errorMessage\":\"Unable to find element with xpath \u0027//div[@id\u003d\u0027main-nav\u0027]//a[text()\u003d\u0027Tablets\u0027]\u0027\",\"request\":{\"headers\":{\"Accept-Encoding\":\"gzip,deflate\",\"Connection\":\"Keep-Alive\",\"Content-Length\":\"70\",\"Content-Type\":\"application/json; charset\u003dutf-8\",\"Host\":\"localhost:9341\",\"User-Agent\":\"Apache-HttpClient/4.5.1 (Java/1.8.0_65)\"},\"httpVersion\":\"1.1\",\"method\":\"POST\",\"post\":\"{\\\"using\\\":\\\"xpath\\\",\\\"value\\\":\\\"//div[@id\u003d\u0027main-nav\u0027]//a[text()\u003d\u0027Tablets\u0027]\\\"}\",\"url\":\"/element\",\"urlParsed\":{\"anchor\":\"\",\"query\":\"\",\"file\":\"element\",\"directory\":\"/\",\"path\":\"/element\",\"relative\":\"/element\",\"port\":\"\",\"host\":\"\",\"password\":\"\",\"user\":\"\",\"userInfo\":\"\",\"authority\":\"\",\"protocol\":\"\",\"source\":\"/element\",\"queryKey\":{},\"chunks\":[\"element\"]},\"urlOriginal\":\"/session/0a62ebc0-3e6a-11e7-88fe-cbe826ac957b/element\"}}\nCommand duration or timeout: 2.23 seconds\nFor documentation on this error, please visit: http://seleniumhq.org/exceptions/no_such_element.html\nBuild info: version: \u00272.53.1\u0027, revision: \u0027a36b8b1cd5757287168e54b817830adce9b0158d\u0027, time: \u00272016-06-30 19:26:09\u0027\nSystem info: host: \u0027Shauryaz\u0027, ip: \u0027192.168.1.5\u0027, os.name: \u0027Windows 10\u0027, os.arch: \u0027x86\u0027, os.version: \u002710.0\u0027, java.version: \u00271.8.0_65\u0027\nDriver info: org.openqa.selenium.phantomjs.PhantomJSDriver\nCapabilities [{applicationCacheEnabled\u003dfalse, rotatable\u003dfalse, handlesAlerts\u003dfalse, databaseEnabled\u003dfalse, version\u003d2.1.1, platform\u003dXP, browserConnectionEnabled\u003dfalse, proxy\u003d{proxyType\u003ddirect}, nativeEvents\u003dtrue, acceptSslCerts\u003dfalse, driverVersion\u003d1.2.0, locationContextEnabled\u003dfalse, webStorageEnabled\u003dfalse, browserName\u003dphantomjs, takesScreenshot\u003dtrue, driverName\u003dghostdriver, javascriptEnabled\u003dtrue, cssSelectorsEnabled\u003dtrue}]\nSession ID: 0a62ebc0-3e6a-11e7-88fe-cbe826ac957b\n*** Element info: {Using\u003dxpath, value\u003d//div[@id\u003d\u0027main-nav\u0027]//a[text()\u003d\u0027Tablets\u0027]}\r\n\tat sun.reflect.NativeConstructorAccessorImpl.newInstance0(Native Method)\r\n\tat sun.reflect.NativeConstructorAccessorImpl.newInstance(Unknown Source)\r\n\tat sun.reflect.DelegatingConstructorAccessorImpl.newInstance(Unknown Source)\r\n\tat java.lang.reflect.Constructor.newInstance(Unknown Source)\r\n\tat org.openqa.selenium.remote.ErrorHandler.createThrowable(ErrorHandler.java:206)\r\n\tat org.openqa.selenium.remote.ErrorHandler.throwIfResponseFailed(ErrorHandler.java:158)\r\n\tat org.openqa.selenium.remote.RemoteWebDriver.execute(RemoteWebDriver.java:678)\r\n\tat org.openqa.selenium.remote.RemoteWebDriver.findElement(RemoteWebDriver.java:363)\r\n\tat org.openqa.selenium.remote.RemoteWebDriver.findElementByXPath(RemoteWebDriver.java:500)\r\n\tat org.openqa.selenium.By$ByXPath.findElement(By.java:361)\r\n\tat org.openqa.selenium.remote.RemoteWebDriver.findElement(RemoteWebDriver.java:355)\r\n\tat com.cucumber.framework.helper.PageObject.homepage.HomePage.navigateTo(HomePage.java:133)\r\n\tat com.cucumber.framework.stepdefinition.SearchStepDfn._i_click_on_the_something_search_filter(SearchStepDfn.java:38)\r\n\tat ✽.When : I click on the \"Tablets\" search filter(featurefile/Search.feature:11)\r\nCaused by: org.openqa.selenium.remote.ScreenshotException: Screen shot has been taken\nBuild info: version: \u00272.53.1\u0027, revision: \u0027a36b8b1cd5757287168e54b817830adce9b0158d\u0027, time: \u00272016-06-30 19:26:09\u0027\nSystem info: host: \u0027Shauryaz\u0027, ip: \u0027192.168.1.5\u0027, os.name: \u0027Windows 10\u0027, os.arch: \u0027x86\u0027, os.version: \u002710.0\u0027, java.version: \u00271.8.0_65\u0027\nDriver info: driver.version: RemoteWebDriver\r\n\tat org.openqa.selenium.remote.ErrorHandler.throwIfResponseFailed(ErrorHandler.java:138)\r\n\tat org.openqa.selenium.remote.RemoteWebDriver.execute(RemoteWebDriver.java:678)\r\n\tat org.openqa.selenium.remote.RemoteWebDriver.findElement(RemoteWebDriver.java:363)\r\n\tat org.openqa.selenium.remote.RemoteWebDriver.findElementByXPath(RemoteWebDriver.java:500)\r\n\tat org.openqa.selenium.By$ByXPath.findElement(By.java:361)\r\n\tat org.openqa.selenium.remote.RemoteWebDriver.findElement(RemoteWebDriver.java:355)\r\n\tat com.cucumber.framework.helper.PageObject.homepage.HomePage.navigateTo(HomePage.java:133)\r\n\tat com.cucumber.framework.stepdefinition.SearchStepDfn._i_click_on_the_something_search_filter(SearchStepDfn.java:38)\r\n\tat sun.reflect.NativeMethodAccessorImpl.invoke0(Native Method)\r\n\tat sun.reflect.NativeMethodAccessorImpl.invoke(Unknown Source)\r\n\tat sun.reflect.DelegatingMethodAccessorImpl.invoke(Unknown Source)\r\n\tat java.lang.reflect.Method.invoke(Unknown Source)\r\n\tat cucumber.runtime.Utils$1.call(Utils.java:37)\r\n\tat cucumber.runtime.Timeout.timeout(Timeout.java:13)\r\n\tat cucumber.runtime.Utils.invoke(Utils.java:31)\r\n\tat cucumber.runtime.java.JavaStepDefinition.execute(JavaStepDefinition.java:38)\r\n\tat cucumber.runtime.StepDefinitionMatch.runStep(StepDefinitionMatch.java:37)\r\n\tat cucumber.runtime.Runtime.runStep(Runtime.java:299)\r\n\tat cucumber.runtime.model.StepContainer.runStep(StepContainer.java:44)\r\n\tat cucumber.runtime.model.StepContainer.runSteps(StepContainer.java:39)\r\n\tat cucumber.runtime.model.CucumberScenario.run(CucumberScenario.java:44)\r\n\tat cucumber.runtime.model.CucumberFeature.run(CucumberFeature.java:165)\r\n\tat cucumber.api.testng.TestNGCucumberRunner.runCucumber(TestNGCucumberRunner.java:63)\r\n\tat cucumber.api.testng.AbstractTestNGCucumberTests.feature(AbstractTestNGCucumberTests.java:21)\r\n\tat sun.reflect.NativeMethodAccessorImpl.invoke0(Native Method)\r\n\tat sun.reflect.NativeMethodAccessorImpl.invoke(Unknown Source)\r\n\tat sun.reflect.DelegatingMethodAccessorImpl.invoke(Unknown Source)\r\n\tat java.lang.reflect.Method.invoke(Unknown Source)\r\n\tat org.testng.internal.MethodInvocationHelper.invokeMethod(MethodInvocationHelper.java:86)\r\n\tat org.testng.internal.Invoker.invokeMethod(Invoker.java:643)\r\n\tat org.testng.internal.Invoker.invokeTestMethod(Invoker.java:820)\r\n\tat org.testng.internal.Invoker.invokeTestMethods(Invoker.java:1128)\r\n\tat org.testng.internal.TestMethodWorker.invokeTestMethods(TestMethodWorker.java:129)\r\n\tat org.testng.internal.TestMethodWorker.run(TestMethodWorker.java:112)\r\n\tat org.testng.TestRunner.privateRun(TestRunner.java:782)\r\n\tat org.testng.TestRunner.run(TestRunner.java:632)\r\n\tat org.testng.SuiteRunner.runTest(SuiteRunner.java:366)\r\n\tat org.testng.SuiteRunner.runSequentially(SuiteRunner.java:361)\r\n\tat org.testng.SuiteRunner.privateRun(SuiteRunner.java:319)\r\n\tat org.testng.SuiteRunner.run(SuiteRunner.java:268)\r\n\tat org.testng.SuiteRunnerWorker.runSuite(SuiteRunnerWorker.java:52)\r\n\tat org.testng.SuiteRunnerWorker.run(SuiteRunnerWorker.java:86)\r\n\tat org.testng.TestNG.runSuitesSequentially(TestNG.java:1244)\r\n\tat org.testng.TestNG.runSuitesLocally(TestNG.java:1169)\r\n\tat org.testng.TestNG.run(TestNG.java:1064)\r\n\tat org.testng.remote.AbstractRemoteTestNG.run(AbstractRemoteTestNG.java:132)\r\n\tat org.testng.remote.RemoteTestNG.initAndRun(RemoteTestNG.java:230)\r\n\tat org.testng.remote.RemoteTestNG.main(RemoteTestNG.java:76)\r\nCaused by: org.openqa.selenium.NoSuchElementException: {\"errorMessage\":\"Unable to find element with xpath \u0027//div[@id\u003d\u0027main-nav\u0027]//a[text()\u003d\u0027Tablets\u0027]\u0027\",\"request\":{\"headers\":{\"Accept-Encoding\":\"gzip,deflate\",\"Connection\":\"Keep-Alive\",\"Content-Length\":\"70\",\"Content-Type\":\"application/json; charset\u003dutf-8\",\"Host\":\"localhost:9341\",\"User-Agent\":\"Apache-HttpClient/4.5.1 (Java/1.8.0_65)\"},\"httpVersion\":\"1.1\",\"method\":\"POST\",\"post\":\"{\\\"using\\\":\\\"xpath\\\",\\\"value\\\":\\\"//div[@id\u003d\u0027main-nav\u0027]//a[text()\u003d\u0027Tablets\u0027]\\\"}\",\"url\":\"/element\",\"urlParsed\":{\"anchor\":\"\",\"query\":\"\",\"file\":\"element\",\"directory\":\"/\",\"path\":\"/element\",\"relative\":\"/element\",\"port\":\"\",\"host\":\"\",\"password\":\"\",\"user\":\"\",\"userInfo\":\"\",\"authority\":\"\",\"protocol\":\"\",\"source\":\"/element\",\"queryKey\":{},\"chunks\":[\"element\"]},\"urlOriginal\":\"/session/0a62ebc0-3e6a-11e7-88fe-cbe826ac957b/element\"}}\nFor documentation on this error, please visit: http://seleniumhq.org/exceptions/no_such_element.html\nBuild info: version: \u00272.53.1\u0027, revision: \u0027a36b8b1cd5757287168e54b817830adce9b0158d\u0027, time: \u00272016-06-30 19:26:09\u0027\nSystem info: host: \u0027Shauryaz\u0027, ip: \u0027192.168.1.5\u0027, os.name: \u0027Windows 10\u0027, os.arch: \u0027x86\u0027, os.version: \u002710.0\u0027, java.version: \u00271.8.0_65\u0027\nDriver info: driver.version: unknown\r\n",
              "status": "failed"
            },
            "line": 11,
            "name": ": I click on the \"Tablets\" search filter",
            "match": {
              "arguments": [
                {
                  "val": "Tablets",
                  "offset": 18
                }
              ],
              "location": "SearchStepDfn._i_click_on_the_something_search_filter(String)"
            },
            "keyword": "When "
          },
          {
            "result": {
              "status": "skipped"
            },
            "line": 12,
            "name": ": I should be at the \"Tablets\" search page with \"5 items\"",
            "match": {
              "arguments": [
                {
                  "val": "Tablets",
                  "offset": 22
                },
                {
                  "val": "5 items",
                  "offset": 49
                }
              ],
              "location": "SearchStepDfn._i_should_be_at_the_something_search_page_with_something(String,String)"
            },
            "keyword": "Then "
          },
          {
            "result": {
              "status": "skipped"
            },
            "output": [
              "E:\\ujjawal\\application1\\workspaceRuma\\SeleniumCucumber\\target\\test-classes\\screenshots\\_2017-05-22\\Search based on Tablets.jpg"
            ],
            "line": 13,
            "name": ": The title should be \"Tablets\" search page",
            "match": {
              "arguments": [
                {
                  "val": "Tablets",
                  "offset": 23
                }
              ],
              "location": "SearchStepDfn._the_title_should_be_something_search_page(String)"
            },
            "keyword": "And "
          }
        ]
      },
      {
        "before": [
          {
            "result": {
              "duration": 2197894656,
              "status": "passed"
            },
            "match": {
              "location": "InitializeWebDrive.before()"
            }
          }
        ],
        "line": 15,
        "name": "Search based on Cameras",
        "description": "",
        "id": "search-feature-of-the-web-page;search-based-on-cameras",
        "after": [
          {
            "result": {
              "duration": 1262222479,
              "status": "passed"
            },
            "match": {
              "location": "InitializeWebDrive.after(Scenario)"
            }
          }
        ],
        "type": "scenario",
        "keyword": "Scenario",
        "steps": [
          {
            "result": {
              "duration": 1080260955,
              "status": "passed"
            },
            "line": 16,
            "name": ": I am at the home page",
            "match": {
              "location": "SearchStepDfn._i_am_at_the_home_page()"
            },
            "keyword": "Given "
          },
          {
            "result": {
              "duration": 2162931958,
              "error_message": "org.openqa.selenium.NoSuchElementException: {\"errorMessage\":\"Unable to find element with xpath \u0027//div[@id\u003d\u0027main-nav\u0027]//a[text()\u003d\u0027Cameras\u0027]\u0027\",\"request\":{\"headers\":{\"Accept-Encoding\":\"gzip,deflate\",\"Connection\":\"Keep-Alive\",\"Content-Length\":\"70\",\"Content-Type\":\"application/json; charset\u003dutf-8\",\"Host\":\"localhost:11489\",\"User-Agent\":\"Apache-HttpClient/4.5.1 (Java/1.8.0_65)\"},\"httpVersion\":\"1.1\",\"method\":\"POST\",\"post\":\"{\\\"using\\\":\\\"xpath\\\",\\\"value\\\":\\\"//div[@id\u003d\u0027main-nav\u0027]//a[text()\u003d\u0027Cameras\u0027]\\\"}\",\"url\":\"/element\",\"urlParsed\":{\"anchor\":\"\",\"query\":\"\",\"file\":\"element\",\"directory\":\"/\",\"path\":\"/element\",\"relative\":\"/element\",\"port\":\"\",\"host\":\"\",\"password\":\"\",\"user\":\"\",\"userInfo\":\"\",\"authority\":\"\",\"protocol\":\"\",\"source\":\"/element\",\"queryKey\":{},\"chunks\":[\"element\"]},\"urlOriginal\":\"/session/0e51b220-3e6a-11e7-8f36-73e310c62e03/element\"}}\nCommand duration or timeout: 2.16 seconds\nFor documentation on this error, please visit: http://seleniumhq.org/exceptions/no_such_element.html\nBuild info: version: \u00272.53.1\u0027, revision: \u0027a36b8b1cd5757287168e54b817830adce9b0158d\u0027, time: \u00272016-06-30 19:26:09\u0027\nSystem info: host: \u0027Shauryaz\u0027, ip: \u0027192.168.1.5\u0027, os.name: \u0027Windows 10\u0027, os.arch: \u0027x86\u0027, os.version: \u002710.0\u0027, java.version: \u00271.8.0_65\u0027\nDriver info: org.openqa.selenium.phantomjs.PhantomJSDriver\nCapabilities [{applicationCacheEnabled\u003dfalse, rotatable\u003dfalse, handlesAlerts\u003dfalse, databaseEnabled\u003dfalse, version\u003d2.1.1, platform\u003dXP, browserConnectionEnabled\u003dfalse, proxy\u003d{proxyType\u003ddirect}, nativeEvents\u003dtrue, acceptSslCerts\u003dfalse, driverVersion\u003d1.2.0, locationContextEnabled\u003dfalse, webStorageEnabled\u003dfalse, browserName\u003dphantomjs, takesScreenshot\u003dtrue, driverName\u003dghostdriver, javascriptEnabled\u003dtrue, cssSelectorsEnabled\u003dtrue}]\nSession ID: 0e51b220-3e6a-11e7-8f36-73e310c62e03\n*** Element info: {Using\u003dxpath, value\u003d//div[@id\u003d\u0027main-nav\u0027]//a[text()\u003d\u0027Cameras\u0027]}\r\n\tat sun.reflect.NativeConstructorAccessorImpl.newInstance0(Native Method)\r\n\tat sun.reflect.NativeConstructorAccessorImpl.newInstance(Unknown Source)\r\n\tat sun.reflect.DelegatingConstructorAccessorImpl.newInstance(Unknown Source)\r\n\tat java.lang.reflect.Constructor.newInstance(Unknown Source)\r\n\tat org.openqa.selenium.remote.ErrorHandler.createThrowable(ErrorHandler.java:206)\r\n\tat org.openqa.selenium.remote.ErrorHandler.throwIfResponseFailed(ErrorHandler.java:158)\r\n\tat org.openqa.selenium.remote.RemoteWebDriver.execute(RemoteWebDriver.java:678)\r\n\tat org.openqa.selenium.remote.RemoteWebDriver.findElement(RemoteWebDriver.java:363)\r\n\tat org.openqa.selenium.remote.RemoteWebDriver.findElementByXPath(RemoteWebDriver.java:500)\r\n\tat org.openqa.selenium.By$ByXPath.findElement(By.java:361)\r\n\tat org.openqa.selenium.remote.RemoteWebDriver.findElement(RemoteWebDriver.java:355)\r\n\tat com.cucumber.framework.helper.PageObject.homepage.HomePage.navigateTo(HomePage.java:133)\r\n\tat com.cucumber.framework.stepdefinition.SearchStepDfn._i_click_on_the_something_search_filter(SearchStepDfn.java:38)\r\n\tat ✽.When : I click on the \"Cameras\" search filter(featurefile/Search.feature:17)\r\nCaused by: org.openqa.selenium.remote.ScreenshotException: Screen shot has been taken\nBuild info: version: \u00272.53.1\u0027, revision: \u0027a36b8b1cd5757287168e54b817830adce9b0158d\u0027, time: \u00272016-06-30 19:26:09\u0027\nSystem info: host: \u0027Shauryaz\u0027, ip: \u0027192.168.1.5\u0027, os.name: \u0027Windows 10\u0027, os.arch: \u0027x86\u0027, os.version: \u002710.0\u0027, java.version: \u00271.8.0_65\u0027\nDriver info: driver.version: RemoteWebDriver\r\n\tat org.openqa.selenium.remote.ErrorHandler.throwIfResponseFailed(ErrorHandler.java:138)\r\n\tat org.openqa.selenium.remote.RemoteWebDriver.execute(RemoteWebDriver.java:678)\r\n\tat org.openqa.selenium.remote.RemoteWebDriver.findElement(RemoteWebDriver.java:363)\r\n\tat org.openqa.selenium.remote.RemoteWebDriver.findElementByXPath(RemoteWebDriver.java:500)\r\n\tat org.openqa.selenium.By$ByXPath.findElement(By.java:361)\r\n\tat org.openqa.selenium.remote.RemoteWebDriver.findElement(RemoteWebDriver.java:355)\r\n\tat com.cucumber.framework.helper.PageObject.homepage.HomePage.navigateTo(HomePage.java:133)\r\n\tat com.cucumber.framework.stepdefinition.SearchStepDfn._i_click_on_the_something_search_filter(SearchStepDfn.java:38)\r\n\tat sun.reflect.NativeMethodAccessorImpl.invoke0(Native Method)\r\n\tat sun.reflect.NativeMethodAccessorImpl.invoke(Unknown Source)\r\n\tat sun.reflect.DelegatingMethodAccessorImpl.invoke(Unknown Source)\r\n\tat java.lang.reflect.Method.invoke(Unknown Source)\r\n\tat cucumber.runtime.Utils$1.call(Utils.java:37)\r\n\tat cucumber.runtime.Timeout.timeout(Timeout.java:13)\r\n\tat cucumber.runtime.Utils.invoke(Utils.java:31)\r\n\tat cucumber.runtime.java.JavaStepDefinition.execute(JavaStepDefinition.java:38)\r\n\tat cucumber.runtime.StepDefinitionMatch.runStep(StepDefinitionMatch.java:37)\r\n\tat cucumber.runtime.Runtime.runStep(Runtime.java:299)\r\n\tat cucumber.runtime.model.StepContainer.runStep(StepContainer.java:44)\r\n\tat cucumber.runtime.model.StepContainer.runSteps(StepContainer.java:39)\r\n\tat cucumber.runtime.model.CucumberScenario.run(CucumberScenario.java:44)\r\n\tat cucumber.runtime.model.CucumberFeature.run(CucumberFeature.java:165)\r\n\tat cucumber.api.testng.TestNGCucumberRunner.runCucumber(TestNGCucumberRunner.java:63)\r\n\tat cucumber.api.testng.AbstractTestNGCucumberTests.feature(AbstractTestNGCucumberTests.java:21)\r\n\tat sun.reflect.NativeMethodAccessorImpl.invoke0(Native Method)\r\n\tat sun.reflect.NativeMethodAccessorImpl.invoke(Unknown Source)\r\n\tat sun.reflect.DelegatingMethodAccessorImpl.invoke(Unknown Source)\r\n\tat java.lang.reflect.Method.invoke(Unknown Source)\r\n\tat org.testng.internal.MethodInvocationHelper.invokeMethod(MethodInvocationHelper.java:86)\r\n\tat org.testng.internal.Invoker.invokeMethod(Invoker.java:643)\r\n\tat org.testng.internal.Invoker.invokeTestMethod(Invoker.java:820)\r\n\tat org.testng.internal.Invoker.invokeTestMethods(Invoker.java:1128)\r\n\tat org.testng.internal.TestMethodWorker.invokeTestMethods(TestMethodWorker.java:129)\r\n\tat org.testng.internal.TestMethodWorker.run(TestMethodWorker.java:112)\r\n\tat org.testng.TestRunner.privateRun(TestRunner.java:782)\r\n\tat org.testng.TestRunner.run(TestRunner.java:632)\r\n\tat org.testng.SuiteRunner.runTest(SuiteRunner.java:366)\r\n\tat org.testng.SuiteRunner.runSequentially(SuiteRunner.java:361)\r\n\tat org.testng.SuiteRunner.privateRun(SuiteRunner.java:319)\r\n\tat org.testng.SuiteRunner.run(SuiteRunner.java:268)\r\n\tat org.testng.SuiteRunnerWorker.runSuite(SuiteRunnerWorker.java:52)\r\n\tat org.testng.SuiteRunnerWorker.run(SuiteRunnerWorker.java:86)\r\n\tat org.testng.TestNG.runSuitesSequentially(TestNG.java:1244)\r\n\tat org.testng.TestNG.runSuitesLocally(TestNG.java:1169)\r\n\tat org.testng.TestNG.run(TestNG.java:1064)\r\n\tat org.testng.remote.AbstractRemoteTestNG.run(AbstractRemoteTestNG.java:132)\r\n\tat org.testng.remote.RemoteTestNG.initAndRun(RemoteTestNG.java:230)\r\n\tat org.testng.remote.RemoteTestNG.main(RemoteTestNG.java:76)\r\nCaused by: org.openqa.selenium.NoSuchElementException: {\"errorMessage\":\"Unable to find element with xpath \u0027//div[@id\u003d\u0027main-nav\u0027]//a[text()\u003d\u0027Cameras\u0027]\u0027\",\"request\":{\"headers\":{\"Accept-Encoding\":\"gzip,deflate\",\"Connection\":\"Keep-Alive\",\"Content-Length\":\"70\",\"Content-Type\":\"application/json; charset\u003dutf-8\",\"Host\":\"localhost:11489\",\"User-Agent\":\"Apache-HttpClient/4.5.1 (Java/1.8.0_65)\"},\"httpVersion\":\"1.1\",\"method\":\"POST\",\"post\":\"{\\\"using\\\":\\\"xpath\\\",\\\"value\\\":\\\"//div[@id\u003d\u0027main-nav\u0027]//a[text()\u003d\u0027Cameras\u0027]\\\"}\",\"url\":\"/element\",\"urlParsed\":{\"anchor\":\"\",\"query\":\"\",\"file\":\"element\",\"directory\":\"/\",\"path\":\"/element\",\"relative\":\"/element\",\"port\":\"\",\"host\":\"\",\"password\":\"\",\"user\":\"\",\"userInfo\":\"\",\"authority\":\"\",\"protocol\":\"\",\"source\":\"/element\",\"queryKey\":{},\"chunks\":[\"element\"]},\"urlOriginal\":\"/session/0e51b220-3e6a-11e7-8f36-73e310c62e03/element\"}}\nFor documentation on this error, please visit: http://seleniumhq.org/exceptions/no_such_element.html\nBuild info: version: \u00272.53.1\u0027, revision: \u0027a36b8b1cd5757287168e54b817830adce9b0158d\u0027, time: \u00272016-06-30 19:26:09\u0027\nSystem info: host: \u0027Shauryaz\u0027, ip: \u0027192.168.1.5\u0027, os.name: \u0027Windows 10\u0027, os.arch: \u0027x86\u0027, os.version: \u002710.0\u0027, java.version: \u00271.8.0_65\u0027\nDriver info: driver.version: unknown\r\n",
              "status": "failed"
            },
            "line": 17,
            "name": ": I click on the \"Cameras\" search filter",
            "match": {
              "arguments": [
                {
                  "val": "Cameras",
                  "offset": 18
                }
              ],
              "location": "SearchStepDfn._i_click_on_the_something_search_filter(String)"
            },
            "keyword": "When "
          },
          {
            "result": {
              "status": "skipped"
            },
            "line": 18,
            "name": ": I should be at the \"Cameras\" search page with \"47 items\"",
            "match": {
              "arguments": [
                {
                  "val": "Cameras",
                  "offset": 22
                },
                {
                  "val": "47 items",
                  "offset": 49
                }
              ],
              "location": "SearchStepDfn._i_should_be_at_the_something_search_page_with_something(String,String)"
            },
            "keyword": "Then "
          },
          {
            "result": {
              "status": "skipped"
            },
            "output": [
              "E:\\ujjawal\\application1\\workspaceRuma\\SeleniumCucumber\\target\\test-classes\\screenshots\\_2017-05-22\\Search based on Cameras.jpg"
            ],
            "line": 19,
            "name": ": The title should be \"Cameras\" search page",
            "match": {
              "arguments": [
                {
                  "val": "Cameras",
                  "offset": 23
                }
              ],
              "location": "SearchStepDfn._the_title_should_be_something_search_page(String)"
            },
            "keyword": "And "
          }
        ]
      },
      {
        "before": [
          {
            "result": {
              "duration": 2199291162,
              "status": "passed"
            },
            "match": {
              "location": "InitializeWebDrive.before()"
            }
          }
        ],
        "line": 21,
        "name": "Search based on Mobile Phones",
        "description": "",
        "id": "search-feature-of-the-web-page;search-based-on-mobile-phones",
        "after": [
          {
            "result": {
              "duration": 1210234205,
              "status": "passed"
            },
            "match": {
              "location": "InitializeWebDrive.after(Scenario)"
            }
          }
        ],
        "type": "scenario",
        "keyword": "Scenario",
        "steps": [
          {
            "result": {
              "duration": 1036855712,
              "status": "passed"
            },
            "line": 22,
            "name": ": I am at the home page",
            "match": {
              "location": "SearchStepDfn._i_am_at_the_home_page()"
            },
            "keyword": "Given "
          },
          {
            "result": {
              "duration": 2166467807,
              "error_message": "org.openqa.selenium.NoSuchElementException: {\"errorMessage\":\"Unable to find element with xpath \u0027//div[@id\u003d\u0027main-nav\u0027]//a[text()\u003d\u0027Mobile Phones\u0027]\u0027\",\"request\":{\"headers\":{\"Accept-Encoding\":\"gzip,deflate\",\"Connection\":\"Keep-Alive\",\"Content-Length\":\"76\",\"Content-Type\":\"application/json; charset\u003dutf-8\",\"Host\":\"localhost:14512\",\"User-Agent\":\"Apache-HttpClient/4.5.1 (Java/1.8.0_65)\"},\"httpVersion\":\"1.1\",\"method\":\"POST\",\"post\":\"{\\\"using\\\":\\\"xpath\\\",\\\"value\\\":\\\"//div[@id\u003d\u0027main-nav\u0027]//a[text()\u003d\u0027Mobile Phones\u0027]\\\"}\",\"url\":\"/element\",\"urlParsed\":{\"anchor\":\"\",\"query\":\"\",\"file\":\"element\",\"directory\":\"/\",\"path\":\"/element\",\"relative\":\"/element\",\"port\":\"\",\"host\":\"\",\"password\":\"\",\"user\":\"\",\"userInfo\":\"\",\"authority\":\"\",\"protocol\":\"\",\"source\":\"/element\",\"queryKey\":{},\"chunks\":[\"element\"]},\"urlOriginal\":\"/session/12518f80-3e6a-11e7-95cd-1dbec7abf995/element\"}}\nCommand duration or timeout: 2.17 seconds\nFor documentation on this error, please visit: http://seleniumhq.org/exceptions/no_such_element.html\nBuild info: version: \u00272.53.1\u0027, revision: \u0027a36b8b1cd5757287168e54b817830adce9b0158d\u0027, time: \u00272016-06-30 19:26:09\u0027\nSystem info: host: \u0027Shauryaz\u0027, ip: \u0027192.168.1.5\u0027, os.name: \u0027Windows 10\u0027, os.arch: \u0027x86\u0027, os.version: \u002710.0\u0027, java.version: \u00271.8.0_65\u0027\nDriver info: org.openqa.selenium.phantomjs.PhantomJSDriver\nCapabilities [{applicationCacheEnabled\u003dfalse, rotatable\u003dfalse, handlesAlerts\u003dfalse, databaseEnabled\u003dfalse, version\u003d2.1.1, platform\u003dXP, browserConnectionEnabled\u003dfalse, proxy\u003d{proxyType\u003ddirect}, nativeEvents\u003dtrue, acceptSslCerts\u003dfalse, driverVersion\u003d1.2.0, locationContextEnabled\u003dfalse, webStorageEnabled\u003dfalse, browserName\u003dphantomjs, takesScreenshot\u003dtrue, driverName\u003dghostdriver, javascriptEnabled\u003dtrue, cssSelectorsEnabled\u003dtrue}]\nSession ID: 12518f80-3e6a-11e7-95cd-1dbec7abf995\n*** Element info: {Using\u003dxpath, value\u003d//div[@id\u003d\u0027main-nav\u0027]//a[text()\u003d\u0027Mobile Phones\u0027]}\r\n\tat sun.reflect.NativeConstructorAccessorImpl.newInstance0(Native Method)\r\n\tat sun.reflect.NativeConstructorAccessorImpl.newInstance(Unknown Source)\r\n\tat sun.reflect.DelegatingConstructorAccessorImpl.newInstance(Unknown Source)\r\n\tat java.lang.reflect.Constructor.newInstance(Unknown Source)\r\n\tat org.openqa.selenium.remote.ErrorHandler.createThrowable(ErrorHandler.java:206)\r\n\tat org.openqa.selenium.remote.ErrorHandler.throwIfResponseFailed(ErrorHandler.java:158)\r\n\tat org.openqa.selenium.remote.RemoteWebDriver.execute(RemoteWebDriver.java:678)\r\n\tat org.openqa.selenium.remote.RemoteWebDriver.findElement(RemoteWebDriver.java:363)\r\n\tat org.openqa.selenium.remote.RemoteWebDriver.findElementByXPath(RemoteWebDriver.java:500)\r\n\tat org.openqa.selenium.By$ByXPath.findElement(By.java:361)\r\n\tat org.openqa.selenium.remote.RemoteWebDriver.findElement(RemoteWebDriver.java:355)\r\n\tat com.cucumber.framework.helper.PageObject.homepage.HomePage.navigateTo(HomePage.java:133)\r\n\tat com.cucumber.framework.stepdefinition.SearchStepDfn._i_click_on_the_something_search_filter(SearchStepDfn.java:38)\r\n\tat ✽.When : I click on the \"Mobile Phones\" search filter(featurefile/Search.feature:23)\r\nCaused by: org.openqa.selenium.remote.ScreenshotException: Screen shot has been taken\nBuild info: version: \u00272.53.1\u0027, revision: \u0027a36b8b1cd5757287168e54b817830adce9b0158d\u0027, time: \u00272016-06-30 19:26:09\u0027\nSystem info: host: \u0027Shauryaz\u0027, ip: \u0027192.168.1.5\u0027, os.name: \u0027Windows 10\u0027, os.arch: \u0027x86\u0027, os.version: \u002710.0\u0027, java.version: \u00271.8.0_65\u0027\nDriver info: driver.version: RemoteWebDriver\r\n\tat org.openqa.selenium.remote.ErrorHandler.throwIfResponseFailed(ErrorHandler.java:138)\r\n\tat org.openqa.selenium.remote.RemoteWebDriver.execute(RemoteWebDriver.java:678)\r\n\tat org.openqa.selenium.remote.RemoteWebDriver.findElement(RemoteWebDriver.java:363)\r\n\tat org.openqa.selenium.remote.RemoteWebDriver.findElementByXPath(RemoteWebDriver.java:500)\r\n\tat org.openqa.selenium.By$ByXPath.findElement(By.java:361)\r\n\tat org.openqa.selenium.remote.RemoteWebDriver.findElement(RemoteWebDriver.java:355)\r\n\tat com.cucumber.framework.helper.PageObject.homepage.HomePage.navigateTo(HomePage.java:133)\r\n\tat com.cucumber.framework.stepdefinition.SearchStepDfn._i_click_on_the_something_search_filter(SearchStepDfn.java:38)\r\n\tat sun.reflect.NativeMethodAccessorImpl.invoke0(Native Method)\r\n\tat sun.reflect.NativeMethodAccessorImpl.invoke(Unknown Source)\r\n\tat sun.reflect.DelegatingMethodAccessorImpl.invoke(Unknown Source)\r\n\tat java.lang.reflect.Method.invoke(Unknown Source)\r\n\tat cucumber.runtime.Utils$1.call(Utils.java:37)\r\n\tat cucumber.runtime.Timeout.timeout(Timeout.java:13)\r\n\tat cucumber.runtime.Utils.invoke(Utils.java:31)\r\n\tat cucumber.runtime.java.JavaStepDefinition.execute(JavaStepDefinition.java:38)\r\n\tat cucumber.runtime.StepDefinitionMatch.runStep(StepDefinitionMatch.java:37)\r\n\tat cucumber.runtime.Runtime.runStep(Runtime.java:299)\r\n\tat cucumber.runtime.model.StepContainer.runStep(StepContainer.java:44)\r\n\tat cucumber.runtime.model.StepContainer.runSteps(StepContainer.java:39)\r\n\tat cucumber.runtime.model.CucumberScenario.run(CucumberScenario.java:44)\r\n\tat cucumber.runtime.model.CucumberFeature.run(CucumberFeature.java:165)\r\n\tat cucumber.api.testng.TestNGCucumberRunner.runCucumber(TestNGCucumberRunner.java:63)\r\n\tat cucumber.api.testng.AbstractTestNGCucumberTests.feature(AbstractTestNGCucumberTests.java:21)\r\n\tat sun.reflect.NativeMethodAccessorImpl.invoke0(Native Method)\r\n\tat sun.reflect.NativeMethodAccessorImpl.invoke(Unknown Source)\r\n\tat sun.reflect.DelegatingMethodAccessorImpl.invoke(Unknown Source)\r\n\tat java.lang.reflect.Method.invoke(Unknown Source)\r\n\tat org.testng.internal.MethodInvocationHelper.invokeMethod(MethodInvocationHelper.java:86)\r\n\tat org.testng.internal.Invoker.invokeMethod(Invoker.java:643)\r\n\tat org.testng.internal.Invoker.invokeTestMethod(Invoker.java:820)\r\n\tat org.testng.internal.Invoker.invokeTestMethods(Invoker.java:1128)\r\n\tat org.testng.internal.TestMethodWorker.invokeTestMethods(TestMethodWorker.java:129)\r\n\tat org.testng.internal.TestMethodWorker.run(TestMethodWorker.java:112)\r\n\tat org.testng.TestRunner.privateRun(TestRunner.java:782)\r\n\tat org.testng.TestRunner.run(TestRunner.java:632)\r\n\tat org.testng.SuiteRunner.runTest(SuiteRunner.java:366)\r\n\tat org.testng.SuiteRunner.runSequentially(SuiteRunner.java:361)\r\n\tat org.testng.SuiteRunner.privateRun(SuiteRunner.java:319)\r\n\tat org.testng.SuiteRunner.run(SuiteRunner.java:268)\r\n\tat org.testng.SuiteRunnerWorker.runSuite(SuiteRunnerWorker.java:52)\r\n\tat org.testng.SuiteRunnerWorker.run(SuiteRunnerWorker.java:86)\r\n\tat org.testng.TestNG.runSuitesSequentially(TestNG.java:1244)\r\n\tat org.testng.TestNG.runSuitesLocally(TestNG.java:1169)\r\n\tat org.testng.TestNG.run(TestNG.java:1064)\r\n\tat org.testng.remote.AbstractRemoteTestNG.run(AbstractRemoteTestNG.java:132)\r\n\tat org.testng.remote.RemoteTestNG.initAndRun(RemoteTestNG.java:230)\r\n\tat org.testng.remote.RemoteTestNG.main(RemoteTestNG.java:76)\r\nCaused by: org.openqa.selenium.NoSuchElementException: {\"errorMessage\":\"Unable to find element with xpath \u0027//div[@id\u003d\u0027main-nav\u0027]//a[text()\u003d\u0027Mobile Phones\u0027]\u0027\",\"request\":{\"headers\":{\"Accept-Encoding\":\"gzip,deflate\",\"Connection\":\"Keep-Alive\",\"Content-Length\":\"76\",\"Content-Type\":\"application/json; charset\u003dutf-8\",\"Host\":\"localhost:14512\",\"User-Agent\":\"Apache-HttpClient/4.5.1 (Java/1.8.0_65)\"},\"httpVersion\":\"1.1\",\"method\":\"POST\",\"post\":\"{\\\"using\\\":\\\"xpath\\\",\\\"value\\\":\\\"//div[@id\u003d\u0027main-nav\u0027]//a[text()\u003d\u0027Mobile Phones\u0027]\\\"}\",\"url\":\"/element\",\"urlParsed\":{\"anchor\":\"\",\"query\":\"\",\"file\":\"element\",\"directory\":\"/\",\"path\":\"/element\",\"relative\":\"/element\",\"port\":\"\",\"host\":\"\",\"password\":\"\",\"user\":\"\",\"userInfo\":\"\",\"authority\":\"\",\"protocol\":\"\",\"source\":\"/element\",\"queryKey\":{},\"chunks\":[\"element\"]},\"urlOriginal\":\"/session/12518f80-3e6a-11e7-95cd-1dbec7abf995/element\"}}\nFor documentation on this error, please visit: http://seleniumhq.org/exceptions/no_such_element.html\nBuild info: version: \u00272.53.1\u0027, revision: \u0027a36b8b1cd5757287168e54b817830adce9b0158d\u0027, time: \u00272016-06-30 19:26:09\u0027\nSystem info: host: \u0027Shauryaz\u0027, ip: \u0027192.168.1.5\u0027, os.name: \u0027Windows 10\u0027, os.arch: \u0027x86\u0027, os.version: \u002710.0\u0027, java.version: \u00271.8.0_65\u0027\nDriver info: driver.version: unknown\r\n",
              "status": "failed"
            },
            "line": 23,
            "name": ": I click on the \"Mobile Phones\" search filter",
            "match": {
              "arguments": [
                {
                  "val": "Mobile Phones",
                  "offset": 18
                }
              ],
              "location": "SearchStepDfn._i_click_on_the_something_search_filter(String)"
            },
            "keyword": "When "
          },
          {
            "result": {
              "status": "skipped"
            },
            "line": 24,
            "name": ": I should be at the \"Mobile Phones\" search page with \"33 items\"",
            "match": {
              "arguments": [
                {
                  "val": "Mobile Phones",
                  "offset": 22
                },
                {
                  "val": "33 items",
                  "offset": 55
                }
              ],
              "location": "SearchStepDfn._i_should_be_at_the_something_search_page_with_something(String,String)"
            },
            "keyword": "Then "
          },
          {
            "result": {
              "status": "skipped"
            },
            "output": [
              "E:\\ujjawal\\application1\\workspaceRuma\\SeleniumCucumber\\target\\test-classes\\screenshots\\_2017-05-22\\Search based on Mobile Phones.jpg"
            ],
            "line": 25,
            "name": ": The title should be \"Mobile Phones\" search page",
            "match": {
              "arguments": [
                {
                  "val": "Mobile Phones",
                  "offset": 23
                }
              ],
              "location": "SearchStepDfn._the_title_should_be_something_search_page(String)"
            },
            "keyword": "And "
          }
        ]
      },
      {
        "before": [
          {
            "result": {
              "duration": 2198284036,
              "status": "passed"
            },
            "match": {
              "location": "InitializeWebDrive.before()"
            }
          }
        ],
        "line": 27,
        "name": "Search based on Books",
        "description": "",
        "id": "search-feature-of-the-web-page;search-based-on-books",
        "after": [
          {
            "result": {
              "duration": 1071809428,
              "status": "passed"
            },
            "match": {
              "location": "InitializeWebDrive.after(Scenario)"
            }
          }
        ],
        "type": "scenario",
        "keyword": "Scenario",
        "steps": [
          {
            "result": {
              "duration": 1054989127,
              "status": "passed"
            },
            "line": 28,
            "name": ": I am at the home page",
            "match": {
              "location": "SearchStepDfn._i_am_at_the_home_page()"
            },
            "keyword": "Given "
          },
          {
            "result": {
              "duration": 2169284555,
              "error_message": "org.openqa.selenium.NoSuchElementException: {\"errorMessage\":\"Unable to find element with xpath \u0027//div[@id\u003d\u0027main-nav\u0027]//a[text()\u003d\u0027Books - Children\u0027]\u0027\",\"request\":{\"headers\":{\"Accept-Encoding\":\"gzip,deflate\",\"Connection\":\"Keep-Alive\",\"Content-Length\":\"79\",\"Content-Type\":\"application/json; charset\u003dutf-8\",\"Host\":\"localhost:25400\",\"User-Agent\":\"Apache-HttpClient/4.5.1 (Java/1.8.0_65)\"},\"httpVersion\":\"1.1\",\"method\":\"POST\",\"post\":\"{\\\"using\\\":\\\"xpath\\\",\\\"value\\\":\\\"//div[@id\u003d\u0027main-nav\u0027]//a[text()\u003d\u0027Books - Children\u0027]\\\"}\",\"url\":\"/element\",\"urlParsed\":{\"anchor\":\"\",\"query\":\"\",\"file\":\"element\",\"directory\":\"/\",\"path\":\"/element\",\"relative\":\"/element\",\"port\":\"\",\"host\":\"\",\"password\":\"\",\"user\":\"\",\"userInfo\":\"\",\"authority\":\"\",\"protocol\":\"\",\"source\":\"/element\",\"queryKey\":{},\"chunks\":[\"element\"]},\"urlOriginal\":\"/session/1643b140-3e6a-11e7-827a-bfaae06c290c/element\"}}\nCommand duration or timeout: 2.17 seconds\nFor documentation on this error, please visit: http://seleniumhq.org/exceptions/no_such_element.html\nBuild info: version: \u00272.53.1\u0027, revision: \u0027a36b8b1cd5757287168e54b817830adce9b0158d\u0027, time: \u00272016-06-30 19:26:09\u0027\nSystem info: host: \u0027Shauryaz\u0027, ip: \u0027192.168.1.5\u0027, os.name: \u0027Windows 10\u0027, os.arch: \u0027x86\u0027, os.version: \u002710.0\u0027, java.version: \u00271.8.0_65\u0027\nDriver info: org.openqa.selenium.phantomjs.PhantomJSDriver\nCapabilities [{applicationCacheEnabled\u003dfalse, rotatable\u003dfalse, handlesAlerts\u003dfalse, databaseEnabled\u003dfalse, version\u003d2.1.1, platform\u003dXP, browserConnectionEnabled\u003dfalse, proxy\u003d{proxyType\u003ddirect}, nativeEvents\u003dtrue, acceptSslCerts\u003dfalse, driverVersion\u003d1.2.0, locationContextEnabled\u003dfalse, webStorageEnabled\u003dfalse, browserName\u003dphantomjs, takesScreenshot\u003dtrue, driverName\u003dghostdriver, javascriptEnabled\u003dtrue, cssSelectorsEnabled\u003dtrue}]\nSession ID: 1643b140-3e6a-11e7-827a-bfaae06c290c\n*** Element info: {Using\u003dxpath, value\u003d//div[@id\u003d\u0027main-nav\u0027]//a[text()\u003d\u0027Books - Children\u0027]}\r\n\tat sun.reflect.NativeConstructorAccessorImpl.newInstance0(Native Method)\r\n\tat sun.reflect.NativeConstructorAccessorImpl.newInstance(Unknown Source)\r\n\tat sun.reflect.DelegatingConstructorAccessorImpl.newInstance(Unknown Source)\r\n\tat java.lang.reflect.Constructor.newInstance(Unknown Source)\r\n\tat org.openqa.selenium.remote.ErrorHandler.createThrowable(ErrorHandler.java:206)\r\n\tat org.openqa.selenium.remote.ErrorHandler.throwIfResponseFailed(ErrorHandler.java:158)\r\n\tat org.openqa.selenium.remote.RemoteWebDriver.execute(RemoteWebDriver.java:678)\r\n\tat org.openqa.selenium.remote.RemoteWebDriver.findElement(RemoteWebDriver.java:363)\r\n\tat org.openqa.selenium.remote.RemoteWebDriver.findElementByXPath(RemoteWebDriver.java:500)\r\n\tat org.openqa.selenium.By$ByXPath.findElement(By.java:361)\r\n\tat org.openqa.selenium.remote.RemoteWebDriver.findElement(RemoteWebDriver.java:355)\r\n\tat com.cucumber.framework.helper.PageObject.homepage.HomePage.navigateTo(HomePage.java:133)\r\n\tat com.cucumber.framework.stepdefinition.SearchStepDfn._i_click_on_the_something_search_filter(SearchStepDfn.java:38)\r\n\tat ✽.When : I click on the \"Books - Children\" search filter(featurefile/Search.feature:29)\r\nCaused by: org.openqa.selenium.remote.ScreenshotException: Screen shot has been taken\nBuild info: version: \u00272.53.1\u0027, revision: \u0027a36b8b1cd5757287168e54b817830adce9b0158d\u0027, time: \u00272016-06-30 19:26:09\u0027\nSystem info: host: \u0027Shauryaz\u0027, ip: \u0027192.168.1.5\u0027, os.name: \u0027Windows 10\u0027, os.arch: \u0027x86\u0027, os.version: \u002710.0\u0027, java.version: \u00271.8.0_65\u0027\nDriver info: driver.version: RemoteWebDriver\r\n\tat org.openqa.selenium.remote.ErrorHandler.throwIfResponseFailed(ErrorHandler.java:138)\r\n\tat org.openqa.selenium.remote.RemoteWebDriver.execute(RemoteWebDriver.java:678)\r\n\tat org.openqa.selenium.remote.RemoteWebDriver.findElement(RemoteWebDriver.java:363)\r\n\tat org.openqa.selenium.remote.RemoteWebDriver.findElementByXPath(RemoteWebDriver.java:500)\r\n\tat org.openqa.selenium.By$ByXPath.findElement(By.java:361)\r\n\tat org.openqa.selenium.remote.RemoteWebDriver.findElement(RemoteWebDriver.java:355)\r\n\tat com.cucumber.framework.helper.PageObject.homepage.HomePage.navigateTo(HomePage.java:133)\r\n\tat com.cucumber.framework.stepdefinition.SearchStepDfn._i_click_on_the_something_search_filter(SearchStepDfn.java:38)\r\n\tat sun.reflect.NativeMethodAccessorImpl.invoke0(Native Method)\r\n\tat sun.reflect.NativeMethodAccessorImpl.invoke(Unknown Source)\r\n\tat sun.reflect.DelegatingMethodAccessorImpl.invoke(Unknown Source)\r\n\tat java.lang.reflect.Method.invoke(Unknown Source)\r\n\tat cucumber.runtime.Utils$1.call(Utils.java:37)\r\n\tat cucumber.runtime.Timeout.timeout(Timeout.java:13)\r\n\tat cucumber.runtime.Utils.invoke(Utils.java:31)\r\n\tat cucumber.runtime.java.JavaStepDefinition.execute(JavaStepDefinition.java:38)\r\n\tat cucumber.runtime.StepDefinitionMatch.runStep(StepDefinitionMatch.java:37)\r\n\tat cucumber.runtime.Runtime.runStep(Runtime.java:299)\r\n\tat cucumber.runtime.model.StepContainer.runStep(StepContainer.java:44)\r\n\tat cucumber.runtime.model.StepContainer.runSteps(StepContainer.java:39)\r\n\tat cucumber.runtime.model.CucumberScenario.run(CucumberScenario.java:44)\r\n\tat cucumber.runtime.model.CucumberFeature.run(CucumberFeature.java:165)\r\n\tat cucumber.api.testng.TestNGCucumberRunner.runCucumber(TestNGCucumberRunner.java:63)\r\n\tat cucumber.api.testng.AbstractTestNGCucumberTests.feature(AbstractTestNGCucumberTests.java:21)\r\n\tat sun.reflect.NativeMethodAccessorImpl.invoke0(Native Method)\r\n\tat sun.reflect.NativeMethodAccessorImpl.invoke(Unknown Source)\r\n\tat sun.reflect.DelegatingMethodAccessorImpl.invoke(Unknown Source)\r\n\tat java.lang.reflect.Method.invoke(Unknown Source)\r\n\tat org.testng.internal.MethodInvocationHelper.invokeMethod(MethodInvocationHelper.java:86)\r\n\tat org.testng.internal.Invoker.invokeMethod(Invoker.java:643)\r\n\tat org.testng.internal.Invoker.invokeTestMethod(Invoker.java:820)\r\n\tat org.testng.internal.Invoker.invokeTestMethods(Invoker.java:1128)\r\n\tat org.testng.internal.TestMethodWorker.invokeTestMethods(TestMethodWorker.java:129)\r\n\tat org.testng.internal.TestMethodWorker.run(TestMethodWorker.java:112)\r\n\tat org.testng.TestRunner.privateRun(TestRunner.java:782)\r\n\tat org.testng.TestRunner.run(TestRunner.java:632)\r\n\tat org.testng.SuiteRunner.runTest(SuiteRunner.java:366)\r\n\tat org.testng.SuiteRunner.runSequentially(SuiteRunner.java:361)\r\n\tat org.testng.SuiteRunner.privateRun(SuiteRunner.java:319)\r\n\tat org.testng.SuiteRunner.run(SuiteRunner.java:268)\r\n\tat org.testng.SuiteRunnerWorker.runSuite(SuiteRunnerWorker.java:52)\r\n\tat org.testng.SuiteRunnerWorker.run(SuiteRunnerWorker.java:86)\r\n\tat org.testng.TestNG.runSuitesSequentially(TestNG.java:1244)\r\n\tat org.testng.TestNG.runSuitesLocally(TestNG.java:1169)\r\n\tat org.testng.TestNG.run(TestNG.java:1064)\r\n\tat org.testng.remote.AbstractRemoteTestNG.run(AbstractRemoteTestNG.java:132)\r\n\tat org.testng.remote.RemoteTestNG.initAndRun(RemoteTestNG.java:230)\r\n\tat org.testng.remote.RemoteTestNG.main(RemoteTestNG.java:76)\r\nCaused by: org.openqa.selenium.NoSuchElementException: {\"errorMessage\":\"Unable to find element with xpath \u0027//div[@id\u003d\u0027main-nav\u0027]//a[text()\u003d\u0027Books - Children\u0027]\u0027\",\"request\":{\"headers\":{\"Accept-Encoding\":\"gzip,deflate\",\"Connection\":\"Keep-Alive\",\"Content-Length\":\"79\",\"Content-Type\":\"application/json; charset\u003dutf-8\",\"Host\":\"localhost:25400\",\"User-Agent\":\"Apache-HttpClient/4.5.1 (Java/1.8.0_65)\"},\"httpVersion\":\"1.1\",\"method\":\"POST\",\"post\":\"{\\\"using\\\":\\\"xpath\\\",\\\"value\\\":\\\"//div[@id\u003d\u0027main-nav\u0027]//a[text()\u003d\u0027Books - Children\u0027]\\\"}\",\"url\":\"/element\",\"urlParsed\":{\"anchor\":\"\",\"query\":\"\",\"file\":\"element\",\"directory\":\"/\",\"path\":\"/element\",\"relative\":\"/element\",\"port\":\"\",\"host\":\"\",\"password\":\"\",\"user\":\"\",\"userInfo\":\"\",\"authority\":\"\",\"protocol\":\"\",\"source\":\"/element\",\"queryKey\":{},\"chunks\":[\"element\"]},\"urlOriginal\":\"/session/1643b140-3e6a-11e7-827a-bfaae06c290c/element\"}}\nFor documentation on this error, please visit: http://seleniumhq.org/exceptions/no_such_element.html\nBuild info: version: \u00272.53.1\u0027, revision: \u0027a36b8b1cd5757287168e54b817830adce9b0158d\u0027, time: \u00272016-06-30 19:26:09\u0027\nSystem info: host: \u0027Shauryaz\u0027, ip: \u0027192.168.1.5\u0027, os.name: \u0027Windows 10\u0027, os.arch: \u0027x86\u0027, os.version: \u002710.0\u0027, java.version: \u00271.8.0_65\u0027\nDriver info: driver.version: unknown\r\n",
              "status": "failed"
            },
            "line": 29,
            "name": ": I click on the \"Books - Children\" search filter",
            "match": {
              "arguments": [
                {
                  "val": "Books - Children",
                  "offset": 18
                }
              ],
              "location": "SearchStepDfn._i_click_on_the_something_search_filter(String)"
            },
            "keyword": "When "
          },
          {
            "result": {
              "status": "skipped"
            },
            "line": 30,
            "name": ": I should be at the \"Books - Children\" search page with \"11 items\"",
            "match": {
              "arguments": [
                {
                  "val": "Books - Children",
                  "offset": 22
                },
                {
                  "val": "11 items",
                  "offset": 58
                }
              ],
              "location": "SearchStepDfn._i_should_be_at_the_something_search_page_with_something(String,String)"
            },
            "keyword": "Then "
          },
          {
            "result": {
              "status": "skipped"
            },
            "output": [
              "E:\\ujjawal\\application1\\workspaceRuma\\SeleniumCucumber\\target\\test-classes\\screenshots\\_2017-05-22\\Search based on Books.jpg"
            ],
            "line": 31,
            "name": ": The title should be \"Books - Children\" search page",
            "match": {
              "arguments": [
                {
                  "val": "Books - Children",
                  "offset": 23
                }
              ],
              "location": "SearchStepDfn._the_title_should_be_something_search_page(String)"
            },
            "keyword": "And "
          }
        ]
      }
    ],
    "name": "Search feature of the web page",
    "description": "",
    "id": "search-feature-of-the-web-page",
    "keyword": "Feature",
    "uri": "featurefile/Search.feature"
  }
]